Compiling the C compiler identification source file "CMakeCCompilerId.c" failed.
Compiler: C:/Programming/ncs/toolchains/v2.1.0/opt/zephyr-sdk/arm-zephyr-eabi/bin/arm-zephyr-eabi-gcc.exe 
Build flags: 
Id flags:  

The output was:
1
c:/programming/ncs/toolchains/v2.1.0/opt/zephyr-sdk/arm-zephyr-eabi/bin/../lib/gcc/arm-zephyr-eabi/10.3.0/../../../../arm-zephyr-eabi/bin/ld.exe: c:/programming/ncs/toolchains/v2.1.0/opt/zephyr-sdk/arm-zephyr-eabi/bin/../lib/gcc/arm-zephyr-eabi/10.3.0/../../../../arm-zephyr-eabi/lib\libc.a(lib_a-exit.o): in function `exit':
exit.c:(.text.exit+0x34): undefined reference to `_exit'
collect2.exe: error: ld returned 1 exit status


Compiling the CXX compiler identification source file "CMakeCXXCompilerId.cpp" failed.
Compiler: C:/Programming/ncs/toolchains/v2.1.0/opt/zephyr-sdk/arm-zephyr-eabi/bin/arm-zephyr-eabi-gcc.exe 
Build flags: 
Id flags:  

The output was:
1
c:/programming/ncs/toolchains/v2.1.0/opt/zephyr-sdk/arm-zephyr-eabi/bin/../lib/gcc/arm-zephyr-eabi/10.3.0/../../../../arm-zephyr-eabi/bin/ld.exe: c:/programming/ncs/toolchains/v2.1.0/opt/zephyr-sdk/arm-zephyr-eabi/bin/../lib/gcc/arm-zephyr-eabi/10.3.0/../../../../arm-zephyr-eabi/lib\libc.a(lib_a-exit.o): in function `exit':
exit.c:(.text.exit+0x34): undefined reference to `_exit'
collect2.exe: error: ld returned 1 exit status


Performing C SOURCE FILE Test check_mstack_protector_guard_global_C__nostartfiles__nostdlib__isystem__c__programming_ncs_toolchains_v2_1_0_opt_zephyr_sdk_arm_zephyr_eabi_bin____lib_gcc_arm_zephyr_eabi_10_3_0_include___isystem__c__programming_ncs_toolchains_v2_1_0_opt_zephyr_sdk_arm_zephyr_eabi_bin____lib_gcc_arm_zephyr_eabi_10_3_0_include_fixed___Wl___unresolved_symbols_ignore_in_object_files__Wl___entry_0 failed with the following output:
Change Dir: C:/Users/deslo/OneDrive/Documents/Mouse_Project/Dongle_Software/build/CMakeFiles/CMakeTmp

Run Build Command(s):C:/Programming/ncs/toolchains/v2.1.0/opt/bin/ninja.exe cmTC_75c3f && [1/2] Building C object CMakeFiles/cmTC_75c3f.dir/src.c.obj
FAILED: CMakeFiles/cmTC_75c3f.dir/src.c.obj 
C:\Programming\ncs\toolchains\v2.1.0\opt\zephyr-sdk\arm-zephyr-eabi\bin\arm-zephyr-eabi-gcc.exe -Dcheck_mstack_protector_guard_global_C__nostartfiles__nostdlib__isystem__c__programming_ncs_toolchains_v2_1_0_opt_zephyr_sdk_arm_zephyr_eabi_bin____lib_gcc_arm_zephyr_eabi_10_3_0_include___isystem__c__programming_ncs_toolchains_v2_1_0_opt_zephyr_sdk_arm_zephyr_eabi_bin____lib_gcc_arm_zephyr_eabi_10_3_0_include_fixed___Wl___unresolved_symbols_ignore_in_object_files__Wl___entry_0  -nostartfiles -nostdlib -isystem "c:/programming/ncs/toolchains/v2.1.0/opt/zephyr-sdk/arm-zephyr-eabi/bin/../lib/gcc/arm-zephyr-eabi/10.3.0/include" -isystem "c:/programming/ncs/toolchains/v2.1.0/opt/zephyr-sdk/arm-zephyr-eabi/bin/../lib/gcc/arm-zephyr-eabi/10.3.0/include-fixed" -Wl,--unresolved-symbols=ignore-in-object-files -Wl,--entry=0   -mstack-protector-guard=global -o CMakeFiles/cmTC_75c3f.dir/src.c.obj -c src.c
arm-zephyr-eabi-gcc.exe: error: unrecognized command-line option '-mstack-protector-guard=global'; did you mean '-fstack-protector-all'?
ninja: build stopped: subcommand failed.


Source file was:
int main(void) { return 0; }
Performing C SOURCE FILE Test check_C__nostartfiles__nostdlib__isystem__c__programming_ncs_toolchains_v2_1_0_opt_zephyr_sdk_arm_zephyr_eabi_bin____lib_gcc_arm_zephyr_eabi_10_3_0_include___isystem__c__programming_ncs_toolchains_v2_1_0_opt_zephyr_sdk_arm_zephyr_eabi_bin____lib_gcc_arm_zephyr_eabi_10_3_0_include_fixed___Wl___unresolved_symbols_ignore_in_object_files__Wl___entry_0__lasan failed with the following output:
Change Dir: C:/Users/deslo/OneDrive/Documents/Mouse_Project/Dongle_Software/build/CMakeFiles/CMakeTmp

Run Build Command(s):C:/Programming/ncs/toolchains/v2.1.0/opt/bin/ninja.exe cmTC_2a0ac && [1/2] Building C object CMakeFiles/cmTC_2a0ac.dir/src.c.obj
[2/2] Linking C executable cmTC_2a0ac
FAILED: cmTC_2a0ac 
cmd.exe /C "cd . && C:\Programming\ncs\toolchains\v2.1.0\opt\zephyr-sdk\arm-zephyr-eabi\bin\arm-zephyr-eabi-gcc.exe -nostartfiles -nostdlib -isystem "c:/programming/ncs/toolchains/v2.1.0/opt/zephyr-sdk/arm-zephyr-eabi/bin/../lib/gcc/arm-zephyr-eabi/10.3.0/include" -isystem "c:/programming/ncs/toolchains/v2.1.0/opt/zephyr-sdk/arm-zephyr-eabi/bin/../lib/gcc/arm-zephyr-eabi/10.3.0/include-fixed" -Wl,--unresolved-symbols=ignore-in-object-files -Wl,--entry=0 -lasan  CMakeFiles/cmTC_2a0ac.dir/src.c.obj -o cmTC_2a0ac   && cd ."
c:/programming/ncs/toolchains/v2.1.0/opt/zephyr-sdk/arm-zephyr-eabi/bin/../lib/gcc/arm-zephyr-eabi/10.3.0/../../../../arm-zephyr-eabi/bin/ld.exe: cannot find -lasan
collect2.exe: error: ld returned 1 exit status
ninja: build stopped: subcommand failed.


Source file was:
int main(void) { return 0; }
